c:\users\cosmin\desktop\gcp\glsandbox\x64\debug\vc142.pdb
c:\users\cosmin\desktop\gcp\glsandbox\x64\debug\vc142.idb
c:\users\cosmin\desktop\gcp\glsandbox\x64\debug\vertex_shader.obj
c:\users\cosmin\desktop\gcp\glsandbox\x64\debug\texture_manager.obj
c:\users\cosmin\desktop\gcp\glsandbox\x64\debug\shader.obj
c:\users\cosmin\desktop\gcp\glsandbox\x64\debug\sdl_manager.obj
c:\users\cosmin\desktop\gcp\glsandbox\x64\debug\program_manager.obj
c:\users\cosmin\desktop\gcp\glsandbox\x64\debug\object_manager.obj
c:\users\cosmin\desktop\gcp\glsandbox\x64\debug\main.obj
c:\users\cosmin\desktop\gcp\glsandbox\x64\debug\fragment_shader.obj
c:\users\cosmin\desktop\glsandbox\x64\debug\vc142.pdb
c:\users\cosmin\desktop\glsandbox\x64\debug\vc142.idb
c:\users\cosmin\desktop\glsandbox\x64\debug\vertex_shader.obj
c:\users\cosmin\desktop\glsandbox\x64\debug\texture_manager.obj
c:\users\cosmin\desktop\glsandbox\x64\debug\shader.obj
c:\users\cosmin\desktop\glsandbox\x64\debug\sdl_manager.obj
c:\users\cosmin\desktop\glsandbox\x64\debug\program_manager.obj
c:\users\cosmin\desktop\glsandbox\x64\debug\main.obj
c:\users\cosmin\desktop\glsandbox\x64\debug\fragment_shader.obj
c:\users\cosmin\desktop\glsandbox\x64\debug\object_manager.obj
c:\users\cosmin\desktop\glsandbox\x64\debug\ibl.obj
c:\users\cosmin\desktop\final part\glsandbox\x64\debug\vc142.pdb
c:\users\cosmin\desktop\final part\glsandbox\x64\debug\vc142.idb
c:\users\cosmin\desktop\final part\glsandbox\x64\debug\vertex_shader.obj
c:\users\cosmin\desktop\final part\glsandbox\x64\debug\texture_manager.obj
c:\users\cosmin\desktop\final part\glsandbox\x64\debug\shader.obj
c:\users\cosmin\desktop\final part\glsandbox\x64\debug\sdl_manager.obj
c:\users\cosmin\desktop\final part\glsandbox\x64\debug\program_manager.obj
c:\users\cosmin\desktop\final part\glsandbox\x64\debug\object_manager.obj
c:\users\cosmin\desktop\final part\glsandbox\x64\debug\main.obj
c:\users\cosmin\desktop\final part\glsandbox\x64\debug\ibl.obj
c:\users\cosmin\desktop\final part\glsandbox\x64\debug\fragment_shader.obj
c:\users\cosmin\desktop\gcp\glsandbox\x64\debug\glsandbox.exe
c:\users\cosmin\desktop\gcp\glsandbox\x64\debug\glsandbox.ilk
c:\users\cosmin\desktop\gcp\glsandbox\x64\debug\glsandbox.pdb
c:\users\cosmin\desktop\glsandbox\x64\debug\glsandbox.exe
c:\users\cosmin\desktop\glsandbox\x64\debug\glsandbox.ilk
c:\users\cosmin\desktop\glsandbox\x64\debug\glsandbox.pdb
c:\users\cosmin\desktop\final part\glsandbox\x64\debug\glsandbox.exe
c:\users\cosmin\desktop\final part\glsandbox\x64\debug\glsandbox.ilk
c:\users\cosmin\desktop\final part\glsandbox\x64\debug\glsandbox.pdb
c:\users\cosmin\desktop\final part\glsandbox\x64\debug\glsandbox.tlog\cl.command.1.tlog
c:\users\cosmin\desktop\final part\glsandbox\x64\debug\glsandbox.tlog\cl.read.1.tlog
c:\users\cosmin\desktop\final part\glsandbox\x64\debug\glsandbox.tlog\cl.write.1.tlog
c:\users\cosmin\desktop\final part\glsandbox\x64\debug\glsandbox.tlog\link.command.1.tlog
c:\users\cosmin\desktop\final part\glsandbox\x64\debug\glsandbox.tlog\link.read.1.tlog
c:\users\cosmin\desktop\final part\glsandbox\x64\debug\glsandbox.tlog\link.write.1.tlog
