  Fragment_shader.cpp
  main.cpp
  Object_manager.cpp
C:\Users\Cosmin\Desktop\GCP\glsandbox\src\bugl.h(325,25): warning C4101: 'e': unreferenced local variable
C:\Users\Cosmin\Desktop\GCP\glsandbox\src\Object_manager.cpp(18): message : see reference to function template instantiation 'GLuint bu::loadModel<int>(const std::string &,size_t *)' being compiled
  Program_manager.cpp
  SDL_manager.cpp
C:\Users\Cosmin\Desktop\GCP\glsandbox\src\SDL_manager.cpp(182,2): warning C4551: function call missing argument list
  Shader.cpp
  Texture_manager.cpp
  Vertex_shader.cpp
  Generating Code...
Fragment_shader.obj : error LNK2019: unresolved external symbol __imp____glewCompileShader referenced in function "public: virtual int __thiscall Fragment_shader::compileShader(unsigned int *)" (?compileShader@Fragment_shader@@UAEHPAI@Z)
Vertex_shader.obj : error LNK2001: unresolved external symbol __imp____glewCompileShader
Fragment_shader.obj : error LNK2019: unresolved external symbol __imp____glewCreateShader referenced in function "public: virtual int __thiscall Fragment_shader::compileShader(unsigned int *)" (?compileShader@Fragment_shader@@UAEHPAI@Z)
Vertex_shader.obj : error LNK2001: unresolved external symbol __imp____glewCreateShader
Fragment_shader.obj : error LNK2019: unresolved external symbol __imp____glewGetShaderInfoLog referenced in function "public: virtual int __thiscall Fragment_shader::compileShader(unsigned int *)" (?compileShader@Fragment_shader@@UAEHPAI@Z)
Vertex_shader.obj : error LNK2001: unresolved external symbol __imp____glewGetShaderInfoLog
Fragment_shader.obj : error LNK2019: unresolved external symbol __imp____glewGetShaderiv referenced in function "public: virtual int __thiscall Fragment_shader::compileShader(unsigned int *)" (?compileShader@Fragment_shader@@UAEHPAI@Z)
Vertex_shader.obj : error LNK2001: unresolved external symbol __imp____glewGetShaderiv
Fragment_shader.obj : error LNK2019: unresolved external symbol __imp____glewShaderSource referenced in function "public: virtual int __thiscall Fragment_shader::compileShader(unsigned int *)" (?compileShader@Fragment_shader@@UAEHPAI@Z)
Vertex_shader.obj : error LNK2001: unresolved external symbol __imp____glewShaderSource
Object_manager.obj : error LNK2019: unresolved external symbol __imp__glClear@4 referenced in function "public: int __thiscall Object_manager::drawAll(bool,bool,class SDL_manager *)" (?drawAll@Object_manager@@QAEH_N0PAVSDL_manager@@@Z)
Object_manager.obj : error LNK2019: unresolved external symbol __imp__glClearColor@16 referenced in function "public: int __thiscall Object_manager::drawAll(bool,bool,class SDL_manager *)" (?drawAll@Object_manager@@QAEH_N0PAVSDL_manager@@@Z)
Object_manager.obj : error LNK2019: unresolved external symbol "public: __thiscall Assimp::Importer::Importer(void)" (??0Importer@Assimp@@QAE@XZ) referenced in function "public: int __thiscall Object_manager::addObject(bool,class std::basic_string<char,struct std::char_traits<char>,class std::allocator<char> >,class Fragment_shader,class Vertex_shader,struct glm::vec<3,float,0>,class std::basic_string<char,struct std::char_traits<char>,class std::allocator<char> >)" (?addObject@Object_manager@@QAEH_NV?$basic_string@DU?$char_traits@D@std@@V?$allocator@D@2@@std@@VFragment_shader@@VVertex_shader@@U?$vec@$02M$0A@@glm@@1@Z)
Object_manager.obj : error LNK2019: unresolved external symbol "public: __thiscall Assimp::Importer::~Importer(void)" (??1Importer@Assimp@@QAE@XZ) referenced in function "public: int __thiscall Object_manager::addObject(bool,class std::basic_string<char,struct std::char_traits<char>,class std::allocator<char> >,class Fragment_shader,class Vertex_shader,struct glm::vec<3,float,0>,class std::basic_string<char,struct std::char_traits<char>,class std::allocator<char> >)" (?addObject@Object_manager@@QAEH_NV?$basic_string@DU?$char_traits@D@std@@V?$allocator@D@2@@std@@VFragment_shader@@VVertex_shader@@U?$vec@$02M$0A@@glm@@1@Z)
Object_manager.obj : error LNK2019: unresolved external symbol "public: struct aiScene const * __thiscall Assimp::Importer::ReadFile(char const *,unsigned int)" (?ReadFile@Importer@Assimp@@QAEPBUaiScene@@PBDI@Z) referenced in function "public: struct aiScene const * __thiscall Assimp::Importer::ReadFile(class std::basic_string<char,struct std::char_traits<char>,class std::allocator<char> > const &,unsigned int)" (?ReadFile@Importer@Assimp@@QAEPBUaiScene@@ABV?$basic_string@DU?$char_traits@D@std@@V?$allocator@D@2@@std@@I@Z)
Object_manager.obj : error LNK2019: unresolved external symbol "public: char const * __thiscall Assimp::Importer::GetErrorString(void)const " (?GetErrorString@Importer@Assimp@@QBEPBDXZ) referenced in function "public: int __thiscall Object_manager::addObject(bool,class std::basic_string<char,struct std::char_traits<char>,class std::allocator<char> >,class Fragment_shader,class Vertex_shader,struct glm::vec<3,float,0>,class std::basic_string<char,struct std::char_traits<char>,class std::allocator<char> >)" (?addObject@Object_manager@@QAEH_NV?$basic_string@DU?$char_traits@D@std@@V?$allocator@D@2@@std@@VFragment_shader@@VVertex_shader@@U?$vec@$02M$0A@@glm@@1@Z)
Object_manager.obj : error LNK2019: unresolved external symbol "public: void __thiscall Object_manager::processNode(struct aiNode *,struct aiScene const *,struct Object *)" (?processNode@Object_manager@@QAEXPAUaiNode@@PBUaiScene@@PAUObject@@@Z) referenced in function "public: int __thiscall Object_manager::addObject(bool,class std::basic_string<char,struct std::char_traits<char>,class std::allocator<char> >,class Fragment_shader,class Vertex_shader,struct glm::vec<3,float,0>,class std::basic_string<char,struct std::char_traits<char>,class std::allocator<char> >)" (?addObject@Object_manager@@QAEH_NV?$basic_string@DU?$char_traits@D@std@@V?$allocator@D@2@@std@@VFragment_shader@@VVertex_shader@@U?$vec@$02M$0A@@glm@@1@Z)
Object_manager.obj : error LNK2019: unresolved external symbol __imp____glewBindBuffer referenced in function "unsigned int __cdecl bu::loadModel<int>(class std::basic_string<char,struct std::char_traits<char>,class std::allocator<char> > const &,unsigned int *,class std::basic_string<char,struct std::char_traits<char>,class std::allocator<char> > &)" (??$loadModel@H@bu@@YAIABV?$basic_string@DU?$char_traits@D@std@@V?$allocator@D@2@@std@@PAIAAV12@@Z)
Object_manager.obj : error LNK2019: unresolved external symbol __imp____glewBufferData referenced in function "unsigned int __cdecl bu::loadModel<int>(class std::basic_string<char,struct std::char_traits<char>,class std::allocator<char> > const &,unsigned int *,class std::basic_string<char,struct std::char_traits<char>,class std::allocator<char> > &)" (??$loadModel@H@bu@@YAIABV?$basic_string@DU?$char_traits@D@std@@V?$allocator@D@2@@std@@PAIAAV12@@Z)
Object_manager.obj : error LNK2019: unresolved external symbol __imp____glewDeleteBuffers referenced in function "unsigned int __cdecl bu::loadModel<int>(class std::basic_string<char,struct std::char_traits<char>,class std::allocator<char> > const &,unsigned int *,class std::basic_string<char,struct std::char_traits<char>,class std::allocator<char> > &)" (??$loadModel@H@bu@@YAIABV?$basic_string@DU?$char_traits@D@std@@V?$allocator@D@2@@std@@PAIAAV12@@Z)
Object_manager.obj : error LNK2019: unresolved external symbol __imp____glewGenBuffers referenced in function "unsigned int __cdecl bu::loadModel<int>(class std::basic_string<char,struct std::char_traits<char>,class std::allocator<char> > const &,unsigned int *,class std::basic_string<char,struct std::char_traits<char>,class std::allocator<char> > &)" (??$loadModel@H@bu@@YAIABV?$basic_string@DU?$char_traits@D@std@@V?$allocator@D@2@@std@@PAIAAV12@@Z)
Object_manager.obj : error LNK2019: unresolved external symbol __imp____glewDeleteProgram referenced in function "public: int __thiscall Object_manager::drawAll(bool,bool,class SDL_manager *)" (?drawAll@Object_manager@@QAEH_N0PAVSDL_manager@@@Z)
Object_manager.obj : error LNK2019: unresolved external symbol __imp____glewEnableVertexAttribArray referenced in function "unsigned int __cdecl bu::loadModel<int>(class std::basic_string<char,struct std::char_traits<char>,class std::allocator<char> > const &,unsigned int *,class std::basic_string<char,struct std::char_traits<char>,class std::allocator<char> > &)" (??$loadModel@H@bu@@YAIABV?$basic_string@DU?$char_traits@D@std@@V?$allocator@D@2@@std@@PAIAAV12@@Z)
Object_manager.obj : error LNK2019: unresolved external symbol __imp____glewGetUniformLocation referenced in function "public: int __thiscall Object_manager::addObject(bool,class std::basic_string<char,struct std::char_traits<char>,class std::allocator<char> >,class Fragment_shader,class Vertex_shader,struct glm::vec<3,float,0>,class std::basic_string<char,struct std::char_traits<char>,class std::allocator<char> >)" (?addObject@Object_manager@@QAEH_NV?$basic_string@DU?$char_traits@D@std@@V?$allocator@D@2@@std@@VFragment_shader@@VVertex_shader@@U?$vec@$02M$0A@@glm@@1@Z)
SDL_manager.obj : error LNK2001: unresolved external symbol __imp____glewGetUniformLocation
Object_manager.obj : error LNK2019: unresolved external symbol __imp____glewUniform1i referenced in function "public: int __thiscall Object_manager::addObject(bool,class std::basic_string<char,struct std::char_traits<char>,class std::allocator<char> >,class Fragment_shader,class Vertex_shader,struct glm::vec<3,float,0>,class std::basic_string<char,struct std::char_traits<char>,class std::allocator<char> >)" (?addObject@Object_manager@@QAEH_NV?$basic_string@DU?$char_traits@D@std@@V?$allocator@D@2@@std@@VFragment_shader@@VVertex_shader@@U?$vec@$02M$0A@@glm@@1@Z)
Object_manager.obj : error LNK2019: unresolved external symbol __imp____glewVertexAttribPointer referenced in function "unsigned int __cdecl bu::loadModel<int>(class std::basic_string<char,struct std::char_traits<char>,class std::allocator<char> > const &,unsigned int *,class std::basic_string<char,struct std::char_traits<char>,class std::allocator<char> > &)" (??$loadModel@H@bu@@YAIABV?$basic_string@DU?$char_traits@D@std@@V?$allocator@D@2@@std@@PAIAAV12@@Z)
Object_manager.obj : error LNK2019: unresolved external symbol __imp____glewBindVertexArray referenced in function "unsigned int __cdecl bu::loadModel<int>(class std::basic_string<char,struct std::char_traits<char>,class std::allocator<char> > const &,unsigned int *,class std::basic_string<char,struct std::char_traits<char>,class std::allocator<char> > &)" (??$loadModel@H@bu@@YAIABV?$basic_string@DU?$char_traits@D@std@@V?$allocator@D@2@@std@@PAIAAV12@@Z)
SDL_manager.obj : error LNK2001: unresolved external symbol __imp____glewBindVertexArray
Object_manager.obj : error LNK2019: unresolved external symbol __imp____glewGenVertexArrays referenced in function "unsigned int __cdecl bu::loadModel<int>(class std::basic_string<char,struct std::char_traits<char>,class std::allocator<char> > const &,unsigned int *,class std::basic_string<char,struct std::char_traits<char>,class std::allocator<char> > &)" (??$loadModel@H@bu@@YAIABV?$basic_string@DU?$char_traits@D@std@@V?$allocator@D@2@@std@@PAIAAV12@@Z)
Program_manager.obj : error LNK2019: unresolved external symbol __imp____glewAttachShader referenced in function "public: int __thiscall Program_manager::compileShaderProgram(unsigned int *,unsigned int *,unsigned int *)" (?compileShaderProgram@Program_manager@@QAEHPAI00@Z)
Program_manager.obj : error LNK2019: unresolved external symbol __imp____glewBindAttribLocation referenced in function "public: int __thiscall Program_manager::compileShaderProgram(unsigned int *,unsigned int *,unsigned int *)" (?compileShaderProgram@Program_manager@@QAEHPAI00@Z)
Program_manager.obj : error LNK2019: unresolved external symbol __imp____glewCreateProgram referenced in function "public: int __thiscall Program_manager::compileShaderProgram(unsigned int *,unsigned int *,unsigned int *)" (?compileShaderProgram@Program_manager@@QAEHPAI00@Z)
Program_manager.obj : error LNK2019: unresolved external symbol __imp____glewDeleteShader referenced in function "public: int __thiscall Program_manager::compileShaderProgram(unsigned int *,unsigned int *,unsigned int *)" (?compileShaderProgram@Program_manager@@QAEHPAI00@Z)
Program_manager.obj : error LNK2019: unresolved external symbol __imp____glewDetachShader referenced in function "public: int __thiscall Program_manager::compileShaderProgram(unsigned int *,unsigned int *,unsigned int *)" (?compileShaderProgram@Program_manager@@QAEHPAI00@Z)
Program_manager.obj : error LNK2019: unresolved external symbol __imp____glewGetProgramInfoLog referenced in function "public: int __thiscall Program_manager::compileShaderProgram(unsigned int *,unsigned int *,unsigned int *)" (?compileShaderProgram@Program_manager@@QAEHPAI00@Z)
Program_manager.obj : error LNK2019: unresolved external symbol __imp____glewGetProgramiv referenced in function "public: int __thiscall Program_manager::compileShaderProgram(unsigned int *,unsigned int *,unsigned int *)" (?compileShaderProgram@Program_manager@@QAEHPAI00@Z)
Program_manager.obj : error LNK2019: unresolved external symbol __imp____glewLinkProgram referenced in function "public: int __thiscall Program_manager::compileShaderProgram(unsigned int *,unsigned int *,unsigned int *)" (?compileShaderProgram@Program_manager@@QAEHPAI00@Z)
SDL_manager.obj : error LNK2019: unresolved external symbol __imp__glBindTexture@8 referenced in function "public: int __thiscall SDL_manager::draw(unsigned int *,bool *,unsigned int *,struct Object,struct glm::mat<4,4,float,0> *,unsigned int *,bool *,bool *)" (?draw@SDL_manager@@QAEHPAIPA_N0UObject@@PAU?$mat@$03$03M$0A@@glm@@011@Z)
Texture_manager.obj : error LNK2001: unresolved external symbol __imp__glBindTexture@8
SDL_manager.obj : error LNK2019: unresolved external symbol __imp__glDrawArrays@12 referenced in function "public: int __thiscall SDL_manager::draw(unsigned int *,bool *,unsigned int *,struct Object,struct glm::mat<4,4,float,0> *,unsigned int *,bool *,bool *)" (?draw@SDL_manager@@QAEHPAIPA_N0UObject@@PAU?$mat@$03$03M$0A@@glm@@011@Z)
SDL_manager.obj : error LNK2019: unresolved external symbol __imp__glEnable@4 referenced in function "public: int __thiscall SDL_manager::draw(unsigned int *,bool *,unsigned int *,struct Object,struct glm::mat<4,4,float,0> *,unsigned int *,bool *,bool *)" (?draw@SDL_manager@@QAEHPAIPA_N0UObject@@PAU?$mat@$03$03M$0A@@glm@@011@Z)
SDL_manager.obj : error LNK2019: unresolved external symbol __imp__glViewport@16 referenced in function "public: int __thiscall SDL_manager::draw(unsigned int *,bool *,unsigned int *,struct Object,struct glm::mat<4,4,float,0> *,unsigned int *,bool *,bool *)" (?draw@SDL_manager@@QAEHPAIPA_N0UObject@@PAU?$mat@$03$03M$0A@@glm@@011@Z)
SDL_manager.obj : error LNK2019: unresolved external symbol __imp__glewInit@0 referenced in function "public: int __thiscall SDL_manager::initAll(void)" (?initAll@SDL_manager@@QAEHXZ)
SDL_manager.obj : error LNK2019: unresolved external symbol __imp____glewActiveTexture referenced in function "public: int __thiscall SDL_manager::draw(unsigned int *,bool *,unsigned int *,struct Object,struct glm::mat<4,4,float,0> *,unsigned int *,bool *,bool *)" (?draw@SDL_manager@@QAEHPAIPA_N0UObject@@PAU?$mat@$03$03M$0A@@glm@@011@Z)
SDL_manager.obj : error LNK2019: unresolved external symbol __imp____glewUniform3fv referenced in function "public: int __thiscall SDL_manager::draw(unsigned int *,bool *,unsigned int *,struct Object,struct glm::mat<4,4,float,0> *,unsigned int *,bool *,bool *)" (?draw@SDL_manager@@QAEHPAIPA_N0UObject@@PAU?$mat@$03$03M$0A@@glm@@011@Z)
SDL_manager.obj : error LNK2019: unresolved external symbol __imp____glewUniformMatrix4fv referenced in function "public: int __thiscall SDL_manager::draw(unsigned int *,bool *,unsigned int *,struct Object,struct glm::mat<4,4,float,0> *,unsigned int *,bool *,bool *)" (?draw@SDL_manager@@QAEHPAIPA_N0UObject@@PAU?$mat@$03$03M$0A@@glm@@011@Z)
SDL_manager.obj : error LNK2019: unresolved external symbol __imp____glewUseProgram referenced in function "public: int __thiscall SDL_manager::draw(unsigned int *,bool *,unsigned int *,struct Object,struct glm::mat<4,4,float,0> *,unsigned int *,bool *,bool *)" (?draw@SDL_manager@@QAEHPAIPA_N0UObject@@PAU?$mat@$03$03M$0A@@glm@@011@Z)
Texture_manager.obj : error LNK2019: unresolved external symbol __imp__glGenTextures@8 referenced in function "public: int __thiscall Texture_manager::generateTexture(unsigned int *,unsigned int *)" (?generateTexture@Texture_manager@@QAEHPAI0@Z)
Texture_manager.obj : error LNK2019: unresolved external symbol __imp__glTexImage2D@36 referenced in function "public: int __thiscall Texture_manager::generateTexture(unsigned int *,unsigned int *)" (?generateTexture@Texture_manager@@QAEHPAI0@Z)
Texture_manager.obj : error LNK2019: unresolved external symbol __imp____glewGenerateMipmap referenced in function "public: int __thiscall Texture_manager::generateTexture(unsigned int *,unsigned int *)" (?generateTexture@Texture_manager@@QAEHPAI0@Z)
C:\Users\Cosmin\Desktop\GCP\glsandbox\Debug\GLSandbox.exe : fatal error LNK1120: 43 unresolved externals
